TN:
SF:js/localstorage.js
FN:1,(anonymous_0)
FN:4,(anonymous_1)
FN:7,(anonymous_2)
FN:10,(anonymous_3)
FN:13,(anonymous_4)
FNF:5
FNH:4
FNDA:1,(anonymous_0)
FNDA:51,(anonymous_1)
FNDA:17,(anonymous_2)
FNDA:0,(anonymous_3)
FNDA:4,(anonymous_4)
DA:1,1
DA:2,1
DA:3,1
DA:5,51
DA:8,17
DA:11,0
DA:14,4
DA:18,1
LF:8
LH:7
BRF:0
BRH:0
end_of_record
TN:
SF:js/meeting.js
FN:75,reset_all
FN:80,setContext
FN:85,getParticipants
FN:117,getdisplayNameList
FN:120,getpidList
FN:123,JitsiMeetExternalAPIMock
FN:126,getMockResult
FN:129,renewAPI
FN:153,leaveThisMeeting
FN:162,leaveMeeting
FN:172,leaveConference
FN:182,getDispalyNameHelper
FN:186,leaveConferenceMeetingNameHelper
FN:191,getLocalDisplayName
FN:195,updateNameTrigger
FN:203,insertMeetingThumb
FN:243,insertAvatars
FN:269,removeAllThumbs
FN:278,removeThumb
FN:285,showPopupForm
FN:288,closePopupForm
FN:292,saveNewName
FN:307,insert
FN:323,switchToMeeting
FN:355,renewActiveMeetingList
FN:371,getstandbyMeetings
FN:377,getRunningMeeting
FN:390,initialization
FNF:28
FNH:26
FNDA:20,reset_all
FNDA:4,setContext
FNDA:15,getParticipants
FNDA:2,getdisplayNameList
FNDA:0,getpidList
FNDA:5,JitsiMeetExternalAPIMock
FNDA:6,getMockResult
FNDA:5,renewAPI
FNDA:4,leaveThisMeeting
FNDA:2,leaveMeeting
FNDA:2,leaveConference
FNDA:6,getDispalyNameHelper
FNDA:2,leaveConferenceMeetingNameHelper
FNDA:4,getLocalDisplayName
FNDA:2,updateNameTrigger
FNDA:13,insertMeetingThumb
FNDA:13,insertAvatars
FNDA:7,removeAllThumbs
FNDA:2,removeThumb
FNDA:1,showPopupForm
FNDA:0,closePopupForm
FNDA:5,saveNewName
FNDA:7,insert
FNDA:5,switchToMeeting
FNDA:9,renewActiveMeetingList
FNDA:7,getstandbyMeetings
FNDA:8,getRunningMeeting
FNDA:1,initialization
DA:1,1
DA:28,1
DA:29,1
DA:30,1
DA:35,1
DA:36,1
DA:37,1
DA:38,1
DA:51,1
DA:53,1
DA:54,1
DA:55,1
DA:56,1
DA:57,1
DA:58,1
DA:61,1
DA:73,1
DA:74,1
DA:76,20
DA:77,20
DA:78,20
DA:81,4
DA:82,4
DA:86,15
DA:87,15
DA:88,15
DA:89,15
DA:90,15
DA:91,21
DA:92,21
DA:93,21
DA:95,21
DA:96,32
DA:97,32
DA:98,16
DA:99,16
DA:100,6
DA:102,10
DA:103,10
DA:104,14
DA:105,14
DA:106,14
DA:108,10
DA:109,10
DA:110,10
DA:115,15
DA:118,2
DA:121,0
DA:124,5
DA:127,6
DA:130,5
DA:131,5
DA:134,5
DA:136,5
DA:137,5
DA:138,5
DA:139,5
DA:140,5
DA:141,5
DA:142,5
DA:143,5
DA:144,5
DA:145,5
DA:155,4
DA:156,4
DA:157,4
DA:158,4
DA:159,4
DA:164,2
DA:165,2
DA:166,2
DA:167,2
DA:168,2
DA:169,2
DA:173,2
DA:174,2
DA:175,2
DA:176,2
DA:177,2
DA:183,6
DA:184,6
DA:187,2
DA:188,2
DA:192,4
DA:196,2
DA:197,2
DA:198,2
DA:199,2
DA:204,13
DA:206,19
DA:207,19
DA:209,19
DA:211,19
DA:212,19
DA:213,19
DA:214,19
DA:216,19
DA:217,19
DA:218,19
DA:219,19
DA:221,19
DA:236,19
DA:237,19
DA:240,13
DA:244,13
DA:245,19
DA:246,19
DA:247,19
DA:248,19
DA:249,9
DA:250,9
DA:251,12
DA:252,12
DA:253,12
DA:254,12
DA:255,12
DA:256,12
DA:257,12
DA:259,12
DA:263,12
DA:266,3
DA:270,7
DA:272,9
DA:273,9
DA:274,9
DA:280,2
DA:281,2
DA:282,2
DA:286,1
DA:289,0
DA:293,5
DA:295,5
DA:296,5
DA:299,1
DA:300,1
DA:301,1
DA:304,0
DA:308,7
DA:309,7
DA:310,11
DA:311,11
DA:312,11
DA:313,11
DA:314,11
DA:315,11
DA:325,5
DA:326,5
DA:329,5
DA:330,5
DA:331,5
DA:332,5
DA:333,5
DA:334,5
DA:335,5
DA:339,0
DA:340,0
DA:344,5
DA:345,5
DA:356,9
DA:357,9
DA:358,9
DA:360,5
DA:362,4
DA:364,9
DA:365,13
DA:366,4
DA:369,9
DA:372,7
DA:378,8
DA:379,8
DA:380,8
DA:382,8
DA:383,15
DA:384,12
DA:387,8
DA:391,1
DA:394,1
LF:177
LH:172
BRDA:97,0,0,16
BRDA:97,0,1,16
BRDA:99,1,0,6
BRDA:99,1,1,10
BRDA:196,2,0,2
BRDA:196,2,1,0
BRDA:248,3,0,10
BRDA:248,3,1,9
BRDA:299,4,0,1
BRDA:299,4,1,0
BRDA:299,5,0,1
BRDA:299,5,1,1
BRDA:329,6,0,5
BRDA:329,6,1,0
BRDA:358,7,0,5
BRDA:358,7,1,4
BRDA:365,8,0,4
BRDA:365,8,1,9
BRDA:383,9,0,12
BRDA:383,9,1,3
BRF:20
BRH:17
end_of_record
